c:\dev\verycoolengine\verycoolengine\vendor\physx\physx\bin\debug--x86_64\physx\physx.pdb
c:\dev\verycoolengine\verycoolengine\vendor\physx\physx\bin\debug--x86_64\physx\physx.idb
c:\dev\verycoolengine\verycoolengine\vendor\physx\physx\bin-int\debug--x86_64\physx\npflipmaterial.obj
c:\dev\verycoolengine\verycoolengine\vendor\physx\physx\bin-int\debug--x86_64\physx\npfemsoftbodymaterial.obj
c:\dev\verycoolengine\verycoolengine\vendor\physx\physx\bin-int\debug--x86_64\physx\npfemclothmaterial.obj
c:\dev\verycoolengine\verycoolengine\vendor\physx\physx\bin-int\debug--x86_64\physx\npfemcloth.obj
c:\dev\verycoolengine\verycoolengine\vendor\physx\physx\bin-int\debug--x86_64\physx\npdebugviz.obj
c:\dev\verycoolengine\verycoolengine\vendor\physx\physx\bin-int\debug--x86_64\physx\npconstraint.obj
c:\dev\verycoolengine\verycoolengine\vendor\physx\physx\bin-int\debug--x86_64\physx\npcheck.obj
c:\dev\verycoolengine\verycoolengine\vendor\physx\physx\bin-int\debug--x86_64\physx\npbounds.obj
c:\dev\verycoolengine\verycoolengine\vendor\physx\physx\bin-int\debug--x86_64\physx\nparticulationtendon.obj
c:\dev\verycoolengine\verycoolengine\vendor\physx\physx\bin-int\debug--x86_64\physx\nparticulationsensor.obj
c:\dev\verycoolengine\verycoolengine\vendor\physx\physx\bin-int\debug--x86_64\physx\nparticulationreducedcoordinate.obj
c:\dev\verycoolengine\verycoolengine\vendor\physx\physx\bin-int\debug--x86_64\physx\nparticulationlink.obj
c:\dev\verycoolengine\verycoolengine\vendor\physx\physx\bin-int\debug--x86_64\physx\nparticulationjointreducedcoordinate.obj
c:\dev\verycoolengine\verycoolengine\vendor\physx\physx\bin-int\debug--x86_64\physx\npaggregate.obj
c:\dev\verycoolengine\verycoolengine\vendor\physx\physx\bin-int\debug--x86_64\physx\npactor.obj
c:\dev\verycoolengine\verycoolengine\vendor\physx\physx\bin-int\debug--x86_64\physx\cmvisualization.obj
c:\dev\verycoolengine\verycoolengine\vendor\physx\physx\bin-int\debug--x86_64\physx\cmserialize.obj
c:\dev\verycoolengine\verycoolengine\vendor\physx\physx\bin-int\debug--x86_64\physx\cmradixsort.obj
c:\dev\verycoolengine\verycoolengine\vendor\physx\physx\bin-int\debug--x86_64\physx\cmptrtable.obj
c:\dev\verycoolengine\verycoolengine\vendor\physx\physx\bin-int\debug--x86_64\physx\cmcollection.obj
c:\dev\verycoolengine\verycoolengine\vendor\physx\physx\bin-int\debug--x86_64\physx\npsoftbody.obj
c:\dev\verycoolengine\verycoolengine\vendor\physx\physx\bin-int\debug--x86_64\physx\npshapemanager.obj
c:\dev\verycoolengine\verycoolengine\vendor\physx\physx\bin-int\debug--x86_64\physx\npshape.obj
c:\dev\verycoolengine\verycoolengine\vendor\physx\physx\bin-int\debug--x86_64\physx\npserializeradapter.obj
c:\dev\verycoolengine\verycoolengine\vendor\physx\physx\bin-int\debug--x86_64\physx\npscenequeries.obj
c:\dev\verycoolengine\verycoolengine\vendor\physx\physx\bin-int\debug--x86_64\physx\npscenefetchresults.obj
c:\dev\verycoolengine\verycoolengine\vendor\physx\physx\bin-int\debug--x86_64\physx\npscene.obj
c:\dev\verycoolengine\verycoolengine\vendor\physx\physx\bin-int\debug--x86_64\physx\nprigidstatic.obj
c:\dev\verycoolengine\verycoolengine\vendor\physx\physx\bin-int\debug--x86_64\physx\nprigiddynamic.obj
c:\dev\verycoolengine\verycoolengine\vendor\physx\physx\bin-int\debug--x86_64\physx\nppvdscenequerycollector.obj
c:\dev\verycoolengine\verycoolengine\vendor\physx\physx\bin-int\debug--x86_64\physx\nppvdsceneclient.obj
c:\dev\verycoolengine\verycoolengine\vendor\physx\physx\bin-int\debug--x86_64\physx\nppruningstructure.obj
c:\dev\verycoolengine\verycoolengine\vendor\physx\physx\bin-int\debug--x86_64\physx\npphysics.obj
c:\dev\verycoolengine\verycoolengine\vendor\physx\physx\bin-int\debug--x86_64\physx\npparticlesystem.obj
c:\dev\verycoolengine\verycoolengine\vendor\physx\physx\bin-int\debug--x86_64\physx\nppbdmaterial.obj
c:\dev\verycoolengine\verycoolengine\vendor\physx\physx\bin-int\debug--x86_64\physx\npmetadata.obj
c:\dev\verycoolengine\verycoolengine\vendor\physx\physx\bin-int\debug--x86_64\physx\npmaterial.obj
c:\dev\verycoolengine\verycoolengine\vendor\physx\physx\bin-int\debug--x86_64\physx\npmpmmaterial.obj
c:\dev\verycoolengine\verycoolengine\vendor\physx\physx\bin-int\debug--x86_64\physx\nphairsystem.obj
c:\dev\verycoolengine\verycoolengine\vendor\physx\physx\bin-int\debug--x86_64\physx\npfactory.obj
c:\dev\verycoolengine\verycoolengine\vendor\physx\physx\bin-int\debug--x86_64\physx\pvdphysicsclient.obj
c:\dev\verycoolengine\verycoolengine\vendor\physx\physx\bin-int\debug--x86_64\physx\pvdmetadatapvdbinding.obj
c:\dev\verycoolengine\verycoolengine\vendor\physx\physx\bin-int\debug--x86_64\physx\snippetcontactreportrender.obj
c:\dev\verycoolengine\verycoolengine\vendor\physx\physx\bin-int\debug--x86_64\physx\snippetcontactreport.obj
c:\dev\verycoolengine\verycoolengine\vendor\physx\physx\bin-int\debug--x86_64\physx\snippetcontactmodificationrender.obj
c:\dev\verycoolengine\verycoolengine\vendor\physx\physx\bin-int\debug--x86_64\physx\snippetcontactmodification.obj
c:\dev\verycoolengine\verycoolengine\vendor\physx\physx\bin-int\debug--x86_64\physx\classicmain.obj
c:\dev\verycoolengine\verycoolengine\vendor\physx\physx\bin-int\debug--x86_64\physx\snippetccdrender.obj
c:\dev\verycoolengine\verycoolengine\vendor\physx\physx\bin-int\debug--x86_64\physx\snippetccd.obj
c:\dev\verycoolengine\verycoolengine\vendor\physx\physx\bin-int\debug--x86_64\physx\snippetbvhstructure.obj
c:\dev\verycoolengine\verycoolengine\vendor\physx\physx\bin-int\debug--x86_64\physx\snippetarticulationrender.obj
c:\dev\verycoolengine\verycoolengine\vendor\physx\physx\bin-int\debug--x86_64\physx\snippetarticulation.obj
c:\dev\verycoolengine\verycoolengine\vendor\physx\physx\bin-int\debug--x86_64\physx\omnipvdhelpers.obj
c:\dev\verycoolengine\verycoolengine\vendor\physx\physx\bin-int\debug--x86_64\physx\snippetdeformablemesh.obj
c:\dev\verycoolengine\verycoolengine\vendor\physx\physx\bin-int\debug--x86_64\physx\snippetcustomprofilerrender.obj
c:\dev\verycoolengine\verycoolengine\vendor\physx\physx\bin-int\debug--x86_64\physx\snippetcustomprofiler.obj
c:\dev\verycoolengine\verycoolengine\vendor\physx\physx\bin-int\debug--x86_64\physx\snippetcustomjointrender.obj
c:\dev\verycoolengine\verycoolengine\vendor\physx\physx\bin-int\debug--x86_64\physx\snippetcustomjoint.obj
c:\dev\verycoolengine\verycoolengine\vendor\physx\physx\bin-int\debug--x86_64\physx\pulleyjoint.obj
c:\dev\verycoolengine\verycoolengine\vendor\physx\physx\bin-int\debug--x86_64\physx\snippetcustomgeometryqueriesrender.obj
c:\dev\verycoolengine\verycoolengine\vendor\physx\physx\bin-int\debug--x86_64\physx\snippetcustomgeometryqueries.obj
c:\dev\verycoolengine\verycoolengine\vendor\physx\physx\bin-int\debug--x86_64\physx\snippetcustomgeometrycollisionrender.obj
c:\dev\verycoolengine\verycoolengine\vendor\physx\physx\bin-int\debug--x86_64\physx\snippetcustomgeometrycollision.obj
c:\dev\verycoolengine\verycoolengine\vendor\physx\physx\bin-int\debug--x86_64\physx\voxelmap.obj
c:\dev\verycoolengine\verycoolengine\vendor\physx\physx\bin-int\debug--x86_64\physx\snippetcustomgeometryrender.obj
c:\dev\verycoolengine\verycoolengine\vendor\physx\physx\bin-int\debug--x86_64\physx\snippetcustomgeometry.obj
c:\dev\verycoolengine\verycoolengine\vendor\physx\physx\bin-int\debug--x86_64\physx\snippetcustomconvexrender.obj
c:\dev\verycoolengine\verycoolengine\vendor\physx\physx\bin-int\debug--x86_64\physx\snippetcustomconvex.obj
c:\dev\verycoolengine\verycoolengine\vendor\physx\physx\bin-int\debug--x86_64\physx\customconvex.obj
c:\dev\verycoolengine\verycoolengine\vendor\physx\physx\bin-int\debug--x86_64\physx\snippetconvexmeshcreate.obj
c:\dev\verycoolengine\verycoolengine\vendor\physx\physx\bin-int\debug--x86_64\physx\snippetconvert.obj
c:\dev\verycoolengine\verycoolengine\vendor\physx\physx\bin-int\debug--x86_64\physx\snippetcontactreportccdrender.obj
c:\dev\verycoolengine\verycoolengine\vendor\physx\physx\bin-int\debug--x86_64\physx\snippetcontactreportccd.obj
c:\dev\verycoolengine\verycoolengine\vendor\physx\physx\bin-int\debug--x86_64\physx\snippetimmediatemode.obj
c:\dev\verycoolengine\verycoolengine\vendor\physx\physx\bin-int\debug--x86_64\physx\snippetimmediatearticulationrender.obj
c:\dev\verycoolengine\verycoolengine\vendor\physx\physx\bin-int\debug--x86_64\physx\snippethelloworldrender.obj
c:\dev\verycoolengine\verycoolengine\vendor\physx\physx\bin-int\debug--x86_64\physx\snippethelloworld.obj
c:\dev\verycoolengine\verycoolengine\vendor\physx\physx\bin-int\debug--x86_64\physx\snippethellogrbrender.obj
c:\dev\verycoolengine\verycoolengine\vendor\physx\physx\bin-int\debug--x86_64\physx\snippethellogrb.obj
c:\dev\verycoolengine\verycoolengine\vendor\physx\physx\bin-int\debug--x86_64\physx\snippetgyroscopicrender.obj
c:\dev\verycoolengine\verycoolengine\vendor\physx\physx\bin-int\debug--x86_64\physx\snippetgyroscopic.obj
c:\dev\verycoolengine\verycoolengine\vendor\physx\physx\bin-int\debug--x86_64\physx\snippetgeometryqueryrender.obj
c:\dev\verycoolengine\verycoolengine\vendor\physx\physx\bin-int\debug--x86_64\physx\snippetgeometryquery.obj
c:\dev\verycoolengine\verycoolengine\vendor\physx\physx\bin-int\debug--x86_64\physx\snippetgearjointrender.obj
c:\dev\verycoolengine\verycoolengine\vendor\physx\physx\bin-int\debug--x86_64\physx\snippetgearjoint.obj
c:\dev\verycoolengine\verycoolengine\vendor\physx\physx\bin-int\debug--x86_64\physx\snippetfrustumqueryrender.obj
c:\dev\verycoolengine\verycoolengine\vendor\physx\physx\bin-int\debug--x86_64\physx\snippetfrustumquery.obj
c:\dev\verycoolengine\verycoolengine\vendor\physx\physx\bin-int\debug--x86_64\physx\snippetfixedtendonrender.obj
c:\dev\verycoolengine\verycoolengine\vendor\physx\physx\bin-int\debug--x86_64\physx\snippetfixedtendon.obj
c:\dev\verycoolengine\verycoolengine\vendor\physx\physx\bin-int\debug--x86_64\physx\snippetdelayloadhookrender.obj
c:\dev\verycoolengine\verycoolengine\vendor\physx\physx\bin-int\debug--x86_64\physx\snippetdelayloadhook.obj
c:\dev\verycoolengine\verycoolengine\vendor\physx\physx\bin-int\debug--x86_64\physx\snippetdeformablemeshrender.obj
c:\dev\verycoolengine\verycoolengine\vendor\physx\physx\bin-int\debug--x86_64\physx\snippetpathtracing.obj
c:\dev\verycoolengine\verycoolengine\vendor\physx\physx\bin-int\debug--x86_64\physx\snippetomnipvdrender.obj
c:\dev\verycoolengine\verycoolengine\vendor\physx\physx\bin-int\debug--x86_64\physx\snippetomnipvd.obj
c:\dev\verycoolengine\verycoolengine\vendor\physx\physx\bin-int\debug--x86_64\physx\snippetmultithreading.obj
c:\dev\verycoolengine\verycoolengine\vendor\physx\physx\bin-int\debug--x86_64\physx\snippetmultiprunersrender.obj
c:\dev\verycoolengine\verycoolengine\vendor\physx\physx\bin-int\debug--x86_64\physx\snippetmultipruners.obj
c:\dev\verycoolengine\verycoolengine\vendor\physx\physx\bin-int\debug--x86_64\physx\snippetmbprender.obj
c:\dev\verycoolengine\verycoolengine\vendor\physx\physx\bin-int\debug--x86_64\physx\snippetmbp.obj
c:\dev\verycoolengine\verycoolengine\vendor\physx\physx\bin-int\debug--x86_64\physx\snippetmasspropertiesrender.obj
c:\dev\verycoolengine\verycoolengine\vendor\physx\physx\bin-int\debug--x86_64\physx\snippetmassproperties.obj
c:\dev\verycoolengine\verycoolengine\vendor\physx\physx\bin-int\debug--x86_64\physx\snippetloadcollection.obj
c:\dev\verycoolengine\verycoolengine\vendor\physx\physx\bin-int\debug--x86_64\physx\snippetkinematicsoftbodyrender.obj
c:\dev\verycoolengine\verycoolengine\vendor\physx\physx\bin-int\debug--x86_64\physx\snippetkinematicsoftbody.obj
c:\dev\verycoolengine\verycoolengine\vendor\physx\physx\bin-int\debug--x86_64\physx\snippetjointdriverender.obj
c:\dev\verycoolengine\verycoolengine\vendor\physx\physx\bin-int\debug--x86_64\physx\snippetjointdrive.obj
c:\dev\verycoolengine\verycoolengine\vendor\physx\physx\bin-int\debug--x86_64\physx\snippetjointrender.obj
c:\dev\verycoolengine\verycoolengine\vendor\physx\physx\bin-int\debug--x86_64\physx\snippetjoint.obj
c:\dev\verycoolengine\verycoolengine\vendor\physx\physx\bin-int\debug--x86_64\physx\snippetisosurfacerender.obj
c:\dev\verycoolengine\verycoolengine\vendor\physx\physx\bin-int\debug--x86_64\physx\snippetisosurface.obj
c:\dev\verycoolengine\verycoolengine\vendor\physx\physx\bin-int\debug--x86_64\physx\snippetimmediatemoderender.obj
c:\dev\verycoolengine\verycoolengine\vendor\physx\physx\bin-int\debug--x86_64\physx\snippetcamera.obj
c:\dev\verycoolengine\verycoolengine\vendor\physx\physx\bin-int\debug--x86_64\physx\snippetrackjointrender.obj
c:\dev\verycoolengine\verycoolengine\vendor\physx\physx\bin-int\debug--x86_64\physx\snippetrackjoint.obj
c:\dev\verycoolengine\verycoolengine\vendor\physx\physx\bin-int\debug--x86_64\physx\snippetquerysystemcustomcompoundrender.obj
c:\dev\verycoolengine\verycoolengine\vendor\physx\physx\bin-int\debug--x86_64\physx\snippetquerysystemcustomcompound.obj
c:\dev\verycoolengine\verycoolengine\vendor\physx\physx\bin-int\debug--x86_64\physx\snippetquerysystemallqueriesrender.obj
c:\dev\verycoolengine\verycoolengine\vendor\physx\physx\bin-int\debug--x86_64\physx\snippetquerysystemallqueries.obj
c:\dev\verycoolengine\verycoolengine\vendor\physx\physx\bin-int\debug--x86_64\physx\snippetprunerserialization.obj
c:\dev\verycoolengine\verycoolengine\vendor\physx\physx\bin-int\debug--x86_64\physx\snippetpointdistancequeryrender.obj
c:\dev\verycoolengine\verycoolengine\vendor\physx\physx\bin-int\debug--x86_64\physx\snippetpointdistancequery.obj
c:\dev\verycoolengine\verycoolengine\vendor\physx\physx\bin-int\debug--x86_64\physx\snippetpbfmultimatrender.obj
c:\dev\verycoolengine\verycoolengine\vendor\physx\physx\bin-int\debug--x86_64\physx\snippetpbfmultimat.obj
c:\dev\verycoolengine\verycoolengine\vendor\physx\physx\bin-int\debug--x86_64\physx\snippetpbfrender.obj
c:\dev\verycoolengine\verycoolengine\vendor\physx\physx\bin-int\debug--x86_64\physx\snippetpbf.obj
c:\dev\verycoolengine\verycoolengine\vendor\physx\physx\bin-int\debug--x86_64\physx\snippetpbdinflatablerender.obj
c:\dev\verycoolengine\verycoolengine\vendor\physx\physx\bin-int\debug--x86_64\physx\snippetpbdinflatable.obj
c:\dev\verycoolengine\verycoolengine\vendor\physx\physx\bin-int\debug--x86_64\physx\snippetpbdclothrender.obj
c:\dev\verycoolengine\verycoolengine\vendor\physx\physx\bin-int\debug--x86_64\physx\snippetpbdcloth.obj
c:\dev\verycoolengine\verycoolengine\vendor\physx\physx\bin-int\debug--x86_64\physx\snippetpathtracingrender.obj
c:\dev\verycoolengine\verycoolengine\vendor\physx\physx\bin-int\debug--x86_64\physx\snippetstandalonequerysystem.obj
c:\dev\verycoolengine\verycoolengine\vendor\physx\physx\bin-int\debug--x86_64\physx\snippetstandalonebvhrender.obj
c:\dev\verycoolengine\verycoolengine\vendor\physx\physx\bin-int\debug--x86_64\physx\snippetstandalonebvh.obj
c:\dev\verycoolengine\verycoolengine\vendor\physx\physx\bin-int\debug--x86_64\physx\snippetstandalonebroadphaserender.obj
c:\dev\verycoolengine\verycoolengine\vendor\physx\physx\bin-int\debug--x86_64\physx\snippetstandalonebroadphase.obj
c:\dev\verycoolengine\verycoolengine\vendor\physx\physx\bin-int\debug--x86_64\physx\snippetsplitsimrender.obj
c:\dev\verycoolengine\verycoolengine\vendor\physx\physx\bin-int\debug--x86_64\physx\snippetsplitsim.obj
c:\dev\verycoolengine\verycoolengine\vendor\physx\physx\bin-int\debug--x86_64\physx\snippetsplitfetchresultsrender.obj
c:\dev\verycoolengine\verycoolengine\vendor\physx\physx\bin-int\debug--x86_64\physx\snippetsplitfetchresults.obj
c:\dev\verycoolengine\verycoolengine\vendor\physx\physx\bin-int\debug--x86_64\physx\snippetspatialtendonrender.obj
c:\dev\verycoolengine\verycoolengine\vendor\physx\physx\bin-int\debug--x86_64\physx\snippetspatialtendon.obj
c:\dev\verycoolengine\verycoolengine\vendor\physx\physx\bin-int\debug--x86_64\physx\snippetsoftbodyattachmentrender.obj
c:\dev\verycoolengine\verycoolengine\vendor\physx\physx\bin-int\debug--x86_64\physx\snippetsoftbodyattachment.obj
c:\dev\verycoolengine\verycoolengine\vendor\physx\physx\bin-int\debug--x86_64\physx\snippetsoftbodyrender.obj
c:\dev\verycoolengine\verycoolengine\vendor\physx\physx\bin-int\debug--x86_64\physx\snippetsoftbody.obj
c:\dev\verycoolengine\verycoolengine\vendor\physx\physx\bin-int\debug--x86_64\physx\snippetserializationrender.obj
c:\dev\verycoolengine\verycoolengine\vendor\physx\physx\bin-int\debug--x86_64\physx\snippetserialization.obj
c:\dev\verycoolengine\verycoolengine\vendor\physx\physx\bin-int\debug--x86_64\physx\snippetsdfrender.obj
c:\dev\verycoolengine\verycoolengine\vendor\physx\physx\bin-int\debug--x86_64\physx\snippetsdf.obj
c:\dev\verycoolengine\verycoolengine\vendor\physx\physx\bin-int\debug--x86_64\physx\customsuspension.obj
c:\dev\verycoolengine\verycoolengine\vendor\physx\physx\bin-int\debug--x86_64\physx\physxintegration.obj
c:\dev\verycoolengine\verycoolengine\vendor\physx\physx\bin-int\debug--x86_64\physx\enginedrivetrain.obj
c:\dev\verycoolengine\verycoolengine\vendor\physx\physx\bin-int\debug--x86_64\physx\directdrivetrain.obj
c:\dev\verycoolengine\verycoolengine\vendor\physx\physx\bin-int\debug--x86_64\physx\base.obj
c:\dev\verycoolengine\verycoolengine\vendor\physx\physx\bin-int\debug--x86_64\physx\snippetvehiclerender.obj
c:\dev\verycoolengine\verycoolengine\vendor\physx\physx\bin-int\debug--x86_64\physx\snippetvehiclehelpers.obj
c:\dev\verycoolengine\verycoolengine\vendor\physx\physx\bin-int\debug--x86_64\physx\snippetutils.obj
c:\dev\verycoolengine\verycoolengine\vendor\physx\physx\bin-int\debug--x86_64\physx\snippetimmutils.obj
c:\dev\verycoolengine\verycoolengine\vendor\physx\physx\bin-int\debug--x86_64\physx\snippettriggersrender.obj
c:\dev\verycoolengine\verycoolengine\vendor\physx\physx\bin-int\debug--x86_64\physx\snippettriggers.obj
c:\dev\verycoolengine\verycoolengine\vendor\physx\physx\bin-int\debug--x86_64\physx\snippettrianglemeshcreate.obj
c:\dev\verycoolengine\verycoolengine\vendor\physx\physx\bin-int\debug--x86_64\physx\snippettolerancescale.obj
c:\dev\verycoolengine\verycoolengine\vendor\physx\physx\bin-int\debug--x86_64\physx\snippetstepper.obj
c:\dev\verycoolengine\verycoolengine\vendor\physx\physx\bin-int\debug--x86_64\physx\snippetstandalonequerysystemrender.obj
c:\dev\verycoolengine\verycoolengine\vendor\physx\physx\bin-int\debug--x86_64\physx\fdtempallocator.obj
c:\dev\verycoolengine\verycoolengine\vendor\physx\physx\bin-int\debug--x86_64\physx\fdstring.obj
c:\dev\verycoolengine\verycoolengine\vendor\physx\physx\bin-int\debug--x86_64\physx\fdassert.obj
c:\dev\verycoolengine\verycoolengine\vendor\physx\physx\bin-int\debug--x86_64\physx\fdallocator.obj
c:\dev\verycoolengine\verycoolengine\vendor\physx\physx\bin-int\debug--x86_64\physx\cmwindowsmoduleupdateloader.obj
c:\dev\verycoolengine\verycoolengine\vendor\physx\physx\bin-int\debug--x86_64\physx\cmwindowsdelayloadhook.obj
c:\dev\verycoolengine\verycoolengine\vendor\physx\physx\bin-int\debug--x86_64\physx\customtirevehicle.obj
c:\dev\verycoolengine\verycoolengine\vendor\physx\physx\bin-int\debug--x86_64\physx\customtire.obj
c:\dev\verycoolengine\verycoolengine\vendor\physx\physx\bin-int\debug--x86_64\physx\gubvh.obj
c:\dev\verycoolengine\verycoolengine\vendor\physx\physx\bin-int\debug--x86_64\physx\guactorshapemap.obj
c:\dev\verycoolengine\verycoolengine\vendor\physx\physx\bin-int\debug--x86_64\physx\guaabbtreeupdatemap.obj
c:\dev\verycoolengine\verycoolengine\vendor\physx\physx\bin-int\debug--x86_64\physx\guaabbtree.obj
c:\dev\verycoolengine\verycoolengine\vendor\physx\physx\bin-int\debug--x86_64\physx\guaabbpruner.obj
c:\dev\verycoolengine\verycoolengine\vendor\physx\physx\bin-int\debug--x86_64\physx\fdwindowstime.obj
c:\dev\verycoolengine\verycoolengine\vendor\physx\physx\bin-int\debug--x86_64\physx\fdwindowsthread.obj
c:\dev\verycoolengine\verycoolengine\vendor\physx\physx\bin-int\debug--x86_64\physx\fdwindowssync.obj
c:\dev\verycoolengine\verycoolengine\vendor\physx\physx\bin-int\debug--x86_64\physx\fdwindowsslist.obj
c:\dev\verycoolengine\verycoolengine\vendor\physx\physx\bin-int\debug--x86_64\physx\fdwindowsprintstring.obj
c:\dev\verycoolengine\verycoolengine\vendor\physx\physx\bin-int\debug--x86_64\physx\fdwindowsmutex.obj
c:\dev\verycoolengine\verycoolengine\vendor\physx\physx\bin-int\debug--x86_64\physx\fdwindowsfpu.obj
c:\dev\verycoolengine\verycoolengine\vendor\physx\physx\bin-int\debug--x86_64\physx\fdwindowsatomic.obj
c:\dev\verycoolengine\verycoolengine\vendor\physx\physx\bin-int\debug--x86_64\physx\fdunixprintstring.obj
c:\dev\verycoolengine\verycoolengine\vendor\physx\physx\bin-int\debug--x86_64\physx\gupruningpool.obj
c:\dev\verycoolengine\verycoolengine\vendor\physx\physx\bin-int\debug--x86_64\physx\gumetadata.obj
c:\dev\verycoolengine\verycoolengine\vendor\physx\physx\bin-int\debug--x86_64\physx\gumeshfactory.obj
c:\dev\verycoolengine\verycoolengine\vendor\physx\physx\bin-int\debug--x86_64\physx\gumavericknode.obj
c:\dev\verycoolengine\verycoolengine\vendor\physx\physx\bin-int\debug--x86_64\physx\guincrementalaabbtree.obj
c:\dev\verycoolengine\verycoolengine\vendor\physx\physx\bin-int\debug--x86_64\physx\guincrementalaabbprunercore.obj
c:\dev\verycoolengine\verycoolengine\vendor\physx\physx\bin-int\debug--x86_64\physx\guincrementalaabbpruner.obj
c:\dev\verycoolengine\verycoolengine\vendor\physx\physx\bin-int\debug--x86_64\physx\gufactory.obj
c:\dev\verycoolengine\verycoolengine\vendor\physx\physx\bin-int\debug--x86_64\physx\guextendedbucketpruner.obj
c:\dev\verycoolengine\verycoolengine\vendor\physx\physx\bin-int\debug--x86_64\physx\gucapsule.obj
c:\dev\verycoolengine\verycoolengine\vendor\physx\physx\bin-int\debug--x86_64\physx\gubucketpruner.obj
c:\dev\verycoolengine\verycoolengine\vendor\physx\physx\bin-int\debug--x86_64\physx\gubox.obj
c:\dev\verycoolengine\verycoolengine\vendor\physx\physx\bin-int\debug--x86_64\physx\gubounds.obj
c:\dev\verycoolengine\verycoolengine\vendor\physx\physx\bin-int\debug--x86_64\physx\guvertexreducer.obj
c:\dev\verycoolengine\verycoolengine\vendor\physx\physx\bin-int\debug--x86_64\physx\guseparatingaxes.obj
c:\dev\verycoolengine\verycoolengine\vendor\physx\physx\bin-int\debug--x86_64\physx\guquantizer.obj
c:\dev\verycoolengine\verycoolengine\vendor\physx\physx\bin-int\debug--x86_64\physx\gumeshcleaner.obj
c:\dev\verycoolengine\verycoolengine\vendor\physx\physx\bin-int\debug--x86_64\physx\gumeshanalysis.obj
c:\dev\verycoolengine\verycoolengine\vendor\physx\physx\bin-int\debug--x86_64\physx\guedgelist.obj
c:\dev\verycoolengine\verycoolengine\vendor\physx\physx\bin-int\debug--x86_64\physx\gubarycentriccoordinates.obj
c:\dev\verycoolengine\verycoolengine\vendor\physx\physx\bin-int\debug--x86_64\physx\guadjacencies.obj
c:\dev\verycoolengine\verycoolengine\vendor\physx\physx\bin-int\debug--x86_64\physx\guwindingnumber.obj
c:\dev\verycoolengine\verycoolengine\vendor\physx\physx\bin-int\debug--x86_64\physx\gusqinternal.obj
c:\dev\verycoolengine\verycoolengine\vendor\physx\physx\bin-int\debug--x86_64\physx\gusecondarypruner.obj
c:\dev\verycoolengine\verycoolengine\vendor\physx\physx\bin-int\debug--x86_64\physx\gusah.obj
c:\dev\verycoolengine\verycoolengine\vendor\physx\physx\bin-int\debug--x86_64\physx\guquerysystem.obj
c:\dev\verycoolengine\verycoolengine\vendor\physx\physx\bin-int\debug--x86_64\physx\guconvexhelper.obj
c:\dev\verycoolengine\verycoolengine\vendor\physx\physx\bin-int\debug--x86_64\physx\gubigconvexdata.obj
c:\dev\verycoolengine\verycoolengine\vendor\physx\physx\bin-int\debug--x86_64\physx\gufeaturecode.obj
c:\dev\verycoolengine\verycoolengine\vendor\physx\physx\bin-int\debug--x86_64\physx\gucontactspheresphere.obj
c:\dev\verycoolengine\verycoolengine\vendor\physx\physx\bin-int\debug--x86_64\physx\gucontactsphereplane.obj
c:\dev\verycoolengine\verycoolengine\vendor\physx\physx\bin-int\debug--x86_64\physx\gucontactspheremesh.obj
c:\dev\verycoolengine\verycoolengine\vendor\physx\physx\bin-int\debug--x86_64\physx\gucontactspherebox.obj
c:\dev\verycoolengine\verycoolengine\vendor\physx\physx\bin-int\debug--x86_64\physx\gucontactpolygonpolygon.obj
c:\dev\verycoolengine\verycoolengine\vendor\physx\physx\bin-int\debug--x86_64\physx\gucontactplaneconvex.obj
c:\dev\verycoolengine\verycoolengine\vendor\physx\physx\bin-int\debug--x86_64\physx\gucontactplanecapsule.obj
c:\dev\verycoolengine\verycoolengine\vendor\physx\physx\bin-int\debug--x86_64\physx\gucontactplanebox.obj
c:\dev\verycoolengine\verycoolengine\vendor\physx\physx\bin-int\debug--x86_64\physx\gucontactcustomgeometry.obj
c:\dev\verycoolengine\verycoolengine\vendor\physx\physx\bin-int\debug--x86_64\physx\gucontactconvexmesh.obj
c:\dev\verycoolengine\verycoolengine\vendor\physx\physx\bin-int\debug--x86_64\physx\gucontactconvexconvex.obj
c:\dev\verycoolengine\verycoolengine\vendor\physx\physx\bin-int\debug--x86_64\physx\gucontactcapsulecapsule.obj
c:\dev\verycoolengine\verycoolengine\vendor\physx\physx\bin-int\debug--x86_64\physx\gucontactboxbox.obj
c:\dev\verycoolengine\verycoolengine\vendor\physx\physx\bin-int\debug--x86_64\physx\gudistancepointbox.obj
c:\dev\verycoolengine\verycoolengine\vendor\physx\physx\bin-int\debug--x86_64\physx\gurtreecooking.obj
c:\dev\verycoolengine\verycoolengine\vendor\physx\physx\bin-int\debug--x86_64\physx\gucookingvolumeintegration.obj
c:\dev\verycoolengine\verycoolengine\vendor\physx\physx\bin-int\debug--x86_64\physx\gucookingtrianglemesh.obj
c:\dev\verycoolengine\verycoolengine\vendor\physx\physx\bin-int\debug--x86_64\physx\gucookingquickhullconvexhulllib.obj
c:\dev\verycoolengine\verycoolengine\vendor\physx\physx\bin-int\debug--x86_64\physx\gucookinghf.obj
c:\dev\verycoolengine\verycoolengine\vendor\physx\physx\bin-int\debug--x86_64\physx\gucookingconvexpolygonsbuilder.obj
c:\dev\verycoolengine\verycoolengine\vendor\physx\physx\bin-int\debug--x86_64\physx\gucookingconvexmeshbuilder.obj
c:\dev\verycoolengine\verycoolengine\vendor\physx\physx\bin-int\debug--x86_64\physx\gucookingconvexmesh.obj
c:\dev\verycoolengine\verycoolengine\vendor\physx\physx\bin-int\debug--x86_64\physx\gucookingconvexhullutils.obj
c:\dev\verycoolengine\verycoolengine\vendor\physx\physx\bin-int\debug--x86_64\physx\gucookingconvexhulllib.obj
c:\dev\verycoolengine\verycoolengine\vendor\physx\physx\bin-int\debug--x86_64\physx\gucookingconvexhullbuilder.obj
c:\dev\verycoolengine\verycoolengine\vendor\physx\physx\bin-int\debug--x86_64\physx\gucookingbvh.obj
c:\dev\verycoolengine\verycoolengine\vendor\physx\physx\bin-int\debug--x86_64\physx\gushapeconvex.obj
c:\dev\verycoolengine\verycoolengine\vendor\physx\physx\bin-int\debug--x86_64\physx\guhillclimbing.obj
c:\dev\verycoolengine\verycoolengine\vendor\physx\physx\bin-int\debug--x86_64\physx\guconvexutilsinternal.obj
c:\dev\verycoolengine\verycoolengine\vendor\physx\physx\bin-int\debug--x86_64\physx\guconvexmesh.obj
c:\dev\verycoolengine\verycoolengine\vendor\physx\physx\bin-int\debug--x86_64\physx\guintersectionspherebox.obj
c:\dev\verycoolengine\verycoolengine\vendor\physx\physx\bin-int\debug--x86_64\physx\guintersectionraysphere.obj
c:\dev\verycoolengine\verycoolengine\vendor\physx\physx\bin-int\debug--x86_64\physx\guintersectionraybox.obj
c:\dev\verycoolengine\verycoolengine\vendor\physx\physx\bin-int\debug--x86_64\physx\guintersectionedgeedge.obj
c:\dev\verycoolengine\verycoolengine\vendor\physx\physx\bin-int\debug--x86_64\physx\guintersectionboxbox.obj
c:\dev\verycoolengine\verycoolengine\vendor\physx\physx\bin-int\debug--x86_64\physx\guheightfieldutil.obj
c:\dev\verycoolengine\verycoolengine\vendor\physx\physx\bin-int\debug--x86_64\physx\guheightfield.obj
c:\dev\verycoolengine\verycoolengine\vendor\physx\physx\bin-int\debug--x86_64\physx\gugjktest.obj
c:\dev\verycoolengine\verycoolengine\vendor\physx\physx\bin-int\debug--x86_64\physx\gugjksimplex.obj
c:\dev\verycoolengine\verycoolengine\vendor\physx\physx\bin-int\debug--x86_64\physx\guepa.obj
c:\dev\verycoolengine\verycoolengine\vendor\physx\physx\bin-int\debug--x86_64\physx\gudistancetriangletriangle.obj
c:\dev\verycoolengine\verycoolengine\vendor\physx\physx\bin-int\debug--x86_64\physx\gudistancesegmenttriangle.obj
c:\dev\verycoolengine\verycoolengine\vendor\physx\physx\bin-int\debug--x86_64\physx\gudistancesegmentsegment.obj
c:\dev\verycoolengine\verycoolengine\vendor\physx\physx\bin-int\debug--x86_64\physx\gudistancepointtetrahedron.obj
c:\dev\verycoolengine\verycoolengine\vendor\physx\physx\bin-int\debug--x86_64\physx\gumeshquery.obj
c:\dev\verycoolengine\verycoolengine\vendor\physx\physx\bin-int\debug--x86_64\physx\gubv4_sphereoverlap.obj
c:\dev\verycoolengine\verycoolengine\vendor\physx\physx\bin-int\debug--x86_64\physx\gubv4build.obj
c:\dev\verycoolengine\verycoolengine\vendor\physx\physx\bin-int\debug--x86_64\physx\gubv4.obj
c:\dev\verycoolengine\verycoolengine\vendor\physx\physx\bin-int\debug--x86_64\physx\gubv32build.obj
c:\dev\verycoolengine\verycoolengine\vendor\physx\physx\bin-int\debug--x86_64\physx\gubv32.obj
c:\dev\verycoolengine\verycoolengine\vendor\physx\physx\bin-int\debug--x86_64\physx\guintersectiontriangletriangle.obj
c:\dev\verycoolengine\verycoolengine\vendor\physx\physx\bin-int\debug--x86_64\physx\guintersectiontrianglebox.obj
c:\dev\verycoolengine\verycoolengine\vendor\physx\physx\bin-int\debug--x86_64\physx\guintersectiontetrahedronbox.obj
c:\dev\verycoolengine\verycoolengine\vendor\physx\physx\bin-int\debug--x86_64\physx\gutrianglemeshrtree.obj
c:\dev\verycoolengine\verycoolengine\vendor\physx\physx\bin-int\debug--x86_64\physx\gutrianglemeshbv4.obj
c:\dev\verycoolengine\verycoolengine\vendor\physx\physx\bin-int\debug--x86_64\physx\gutrianglemesh.obj
c:\dev\verycoolengine\verycoolengine\vendor\physx\physx\bin-int\debug--x86_64\physx\gutetrahedronmeshutils.obj
c:\dev\verycoolengine\verycoolengine\vendor\physx\physx\bin-int\debug--x86_64\physx\gutetrahedronmesh.obj
c:\dev\verycoolengine\verycoolengine\vendor\physx\physx\bin-int\debug--x86_64\physx\gurtreequeries.obj
c:\dev\verycoolengine\verycoolengine\vendor\physx\physx\bin-int\debug--x86_64\physx\gurtree.obj
c:\dev\verycoolengine\verycoolengine\vendor\physx\physx\bin-int\debug--x86_64\physx\gusweepboxtriangle_sat.obj
c:\dev\verycoolengine\verycoolengine\vendor\physx\physx\bin-int\debug--x86_64\physx\pxscontactmanager.obj
c:\dev\verycoolengine\verycoolengine\vendor\physx\physx\bin-int\debug--x86_64\physx\pxcnpthreadcontext.obj
c:\dev\verycoolengine\verycoolengine\vendor\physx\physx\bin-int\debug--x86_64\physx\pxcnpmemblockpool.obj
c:\dev\verycoolengine\verycoolengine\vendor\physx\physx\bin-int\debug--x86_64\physx\pxcnpcontactprepshared.obj
c:\dev\verycoolengine\verycoolengine\vendor\physx\physx\bin-int\debug--x86_64\physx\pxcnpcachestreampair.obj
c:\dev\verycoolengine\verycoolengine\vendor\physx\physx\bin-int\debug--x86_64\physx\pxcmaterialmethodimpl.obj
c:\dev\verycoolengine\verycoolengine\vendor\physx\physx\bin-int\debug--x86_64\physx\gusweepspheresphere.obj
c:\dev\verycoolengine\verycoolengine\vendor\physx\physx\bin-int\debug--x86_64\physx\gusweepcapsulebox.obj
c:\dev\verycoolengine\verycoolengine\vendor\physx\physx\bin-int\debug--x86_64\physx\dycontactprep.obj
c:\dev\verycoolengine\verycoolengine\vendor\physx\physx\bin-int\debug--x86_64\physx\dyconstraintsetupblock.obj
c:\dev\verycoolengine\verycoolengine\vendor\physx\physx\bin-int\debug--x86_64\physx\dyconstraintsetup.obj
c:\dev\verycoolengine\verycoolengine\vendor\physx\physx\bin-int\debug--x86_64\physx\dyconstraintpartition.obj
c:\dev\verycoolengine\verycoolengine\vendor\physx\physx\bin-int\debug--x86_64\physx\dyarticulationcontactpreppf.obj
c:\dev\verycoolengine\verycoolengine\vendor\physx\physx\bin-int\debug--x86_64\physx\dyarticulationcontactprep.obj
c:\dev\verycoolengine\verycoolengine\vendor\physx\physx\bin-int\debug--x86_64\physx\bpfiltering.obj
c:\dev\verycoolengine\verycoolengine\vendor\physx\physx\bin-int\debug--x86_64\physx\bpbroadphaseupdate.obj
c:\dev\verycoolengine\verycoolengine\vendor\physx\physx\bin-int\debug--x86_64\physx\bpbroadphaseshared.obj
c:\dev\verycoolengine\verycoolengine\vendor\physx\physx\bin-int\debug--x86_64\physx\bpbroadphasesapaux.obj
c:\dev\verycoolengine\verycoolengine\vendor\physx\physx\bin-int\debug--x86_64\physx\bpbroadphasesap.obj
c:\dev\verycoolengine\verycoolengine\vendor\physx\physx\bin-int\debug--x86_64\physx\bpbroadphasembp.obj
c:\dev\verycoolengine\verycoolengine\vendor\physx\physx\bin-int\debug--x86_64\physx\bpbroadphaseabp.obj
c:\dev\verycoolengine\verycoolengine\vendor\physx\physx\bin-int\debug--x86_64\physx\bpbroadphase.obj
c:\dev\verycoolengine\verycoolengine\vendor\physx\physx\bin-int\debug--x86_64\physx\bpaabbmanagerbase.obj
c:\dev\verycoolengine\verycoolengine\vendor\physx\physx\bin-int\debug--x86_64\physx\bpaabbmanager.obj
c:\dev\verycoolengine\verycoolengine\vendor\physx\physx\bin-int\debug--x86_64\physx\pxssimpleislandmanager.obj
c:\dev\verycoolengine\verycoolengine\vendor\physx\physx\bin-int\debug--x86_64\physx\pxsnphaseimplementationcontext.obj
c:\dev\verycoolengine\verycoolengine\vendor\physx\physx\bin-int\debug--x86_64\physx\pxsislandsim.obj
c:\dev\verycoolengine\verycoolengine\vendor\physx\physx\bin-int\debug--x86_64\physx\pxsdefaultmemorymanager.obj
c:\dev\verycoolengine\verycoolengine\vendor\physx\physx\bin-int\debug--x86_64\physx\dythreadcontext.obj
c:\dev\verycoolengine\verycoolengine\vendor\physx\physx\bin-int\debug--x86_64\physx\dytgsdynamics.obj
c:\dev\verycoolengine\verycoolengine\vendor\physx\physx\bin-int\debug--x86_64\physx\dytgscontactprepblock.obj
c:\dev\verycoolengine\verycoolengine\vendor\physx\physx\bin-int\debug--x86_64\physx\dytgscontactprep.obj
c:\dev\verycoolengine\verycoolengine\vendor\physx\physx\bin-int\debug--x86_64\physx\dysolverpfconstraintsblock.obj
c:\dev\verycoolengine\verycoolengine\vendor\physx\physx\bin-int\debug--x86_64\physx\dysolverpfconstraints.obj
c:\dev\verycoolengine\verycoolengine\vendor\physx\physx\bin-int\debug--x86_64\physx\dysolvercontrolpf.obj
c:\dev\verycoolengine\verycoolengine\vendor\physx\physx\bin-int\debug--x86_64\physx\dysolvercontrol.obj
c:\dev\verycoolengine\verycoolengine\vendor\physx\physx\bin-int\debug--x86_64\physx\dysolverconstraintsblock.obj
c:\dev\verycoolengine\verycoolengine\vendor\physx\physx\bin-int\debug--x86_64\physx\dysolverconstraints.obj
c:\dev\verycoolengine\verycoolengine\vendor\physx\physx\bin-int\debug--x86_64\physx\dysleep.obj
c:\dev\verycoolengine\verycoolengine\vendor\physx\physx\bin-int\debug--x86_64\physx\dyrigidbodytosolverbody.obj
c:\dev\verycoolengine\verycoolengine\vendor\physx\physx\bin-int\debug--x86_64\physx\dyfrictioncorrelation.obj
c:\dev\verycoolengine\verycoolengine\vendor\physx\physx\bin-int\debug--x86_64\physx\dyfeatherstoneinversedynamic.obj
c:\dev\verycoolengine\verycoolengine\vendor\physx\physx\bin-int\debug--x86_64\physx\dyfeatherstoneforwarddynamic.obj
c:\dev\verycoolengine\verycoolengine\vendor\physx\physx\bin-int\debug--x86_64\physx\dyfeatherstonearticulation.obj
c:\dev\verycoolengine\verycoolengine\vendor\physx\physx\bin-int\debug--x86_64\physx\dydynamics.obj
c:\dev\verycoolengine\verycoolengine\vendor\physx\physx\bin-int\debug--x86_64\physx\dycontactpreppf.obj
c:\dev\verycoolengine\verycoolengine\vendor\physx\physx\bin-int\debug--x86_64\physx\dycontactprep4pf.obj
c:\dev\verycoolengine\verycoolengine\vendor\physx\physx\bin-int\debug--x86_64\physx\dycontactprep4.obj
c:\dev\verycoolengine\verycoolengine\vendor\physx\physx\bin-int\debug--x86_64\physx\cctsweptvolume.obj
c:\dev\verycoolengine\verycoolengine\vendor\physx\physx\bin-int\debug--x86_64\physx\cctsweptcapsule.obj
c:\dev\verycoolengine\verycoolengine\vendor\physx\physx\bin-int\debug--x86_64\physx\cctsweptbox.obj
c:\dev\verycoolengine\verycoolengine\vendor\physx\physx\bin-int\debug--x86_64\physx\cctobstaclecontext.obj
c:\dev\verycoolengine\verycoolengine\vendor\physx\physx\bin-int\debug--x86_64\physx\cctcontroller.obj
c:\dev\verycoolengine\verycoolengine\vendor\physx\physx\bin-int\debug--x86_64\physx\cctcharactercontrollermanager.obj
c:\dev\verycoolengine\verycoolengine\vendor\physx\physx\bin-int\debug--x86_64\physx\cctcharactercontrollercallbacks.obj
c:\dev\verycoolengine\verycoolengine\vendor\physx\physx\bin-int\debug--x86_64\physx\cctcharactercontroller.obj
c:\dev\verycoolengine\verycoolengine\vendor\physx\physx\bin-int\debug--x86_64\physx\cctcapsulecontroller.obj
c:\dev\verycoolengine\verycoolengine\vendor\physx\physx\bin-int\debug--x86_64\physx\cctboxcontroller.obj
c:\dev\verycoolengine\verycoolengine\vendor\physx\physx\bin-int\debug--x86_64\physx\npwindowsdelayloadhook.obj
c:\dev\verycoolengine\verycoolengine\vendor\physx\physx\bin-int\debug--x86_64\physx\omnipvdpxsampler.obj
c:\dev\verycoolengine\verycoolengine\vendor\physx\physx\bin-int\debug--x86_64\physx\omnipvdchunkalloc.obj
c:\dev\verycoolengine\verycoolengine\vendor\physx\physx\bin-int\debug--x86_64\physx\npomnipvdregistrationdata.obj
c:\dev\verycoolengine\verycoolengine\vendor\physx\physx\bin-int\debug--x86_64\physx\npomnipvd.obj
c:\dev\verycoolengine\verycoolengine\vendor\physx\physx\bin-int\debug--x86_64\physx\pxgpu.obj
c:\dev\verycoolengine\verycoolengine\vendor\physx\physx\bin-int\debug--x86_64\physx\dythresholdtable.obj
c:\dev\verycoolengine\verycoolengine\vendor\physx\physx\bin-int\debug--x86_64\physx\extbroadphase.obj
c:\dev\verycoolengine\verycoolengine\vendor\physx\physx\bin-int\debug--x86_64\physx\windowscookingdelayloadhook.obj
c:\dev\verycoolengine\verycoolengine\vendor\physx\physx\bin-int\debug--x86_64\physx\cooking.obj
c:\dev\verycoolengine\verycoolengine\vendor\physx\physx\bin-int\debug--x86_64\physx\extparticleclothcooker.obj
c:\dev\verycoolengine\verycoolengine\vendor\physx\physx\bin-int\debug--x86_64\physx\extmetadata.obj
c:\dev\verycoolengine\verycoolengine\vendor\physx\physx\bin-int\debug--x86_64\physx\extjoint.obj
c:\dev\verycoolengine\verycoolengine\vendor\physx\physx\bin-int\debug--x86_64\physx\extgjkqueryext.obj
c:\dev\verycoolengine\verycoolengine\vendor\physx\physx\bin-int\debug--x86_64\physx\extgearjoint.obj
c:\dev\verycoolengine\verycoolengine\vendor\physx\physx\bin-int\debug--x86_64\physx\extfixedjoint.obj
c:\dev\verycoolengine\verycoolengine\vendor\physx\physx\bin-int\debug--x86_64\physx\extdistancejoint.obj
c:\dev\verycoolengine\verycoolengine\vendor\physx\physx\bin-int\debug--x86_64\physx\extdefaultsimulationfiltershader.obj
c:\dev\verycoolengine\verycoolengine\vendor\physx\physx\bin-int\debug--x86_64\physx\extdefaulterrorcallback.obj
c:\dev\verycoolengine\verycoolengine\vendor\physx\physx\bin-int\debug--x86_64\physx\extdefaultcpudispatcher.obj
c:\dev\verycoolengine\verycoolengine\vendor\physx\physx\bin-int\debug--x86_64\physx\extd6jointcreate.obj
c:\dev\verycoolengine\verycoolengine\vendor\physx\physx\bin-int\debug--x86_64\physx\extd6joint.obj
c:\dev\verycoolengine\verycoolengine\vendor\physx\physx\bin-int\debug--x86_64\physx\extcustomscenequerysystem.obj
c:\dev\verycoolengine\verycoolengine\vendor\physx\physx\bin-int\debug--x86_64\physx\extcustomgeometryext.obj
c:\dev\verycoolengine\verycoolengine\vendor\physx\physx\bin-int\debug--x86_64\physx\extcpuworkerthread.obj
c:\dev\verycoolengine\verycoolengine\vendor\physx\physx\bin-int\debug--x86_64\physx\extconvexmeshext.obj
c:\dev\verycoolengine\verycoolengine\vendor\physx\physx\bin-int\debug--x86_64\physx\extcontactjoint.obj
c:\dev\verycoolengine\verycoolengine\vendor\physx\physx\bin-int\debug--x86_64\physx\extcollection.obj
c:\dev\verycoolengine\verycoolengine\vendor\physx\physx\bin-int\debug--x86_64\physx\exttetmakerext.obj
c:\dev\verycoolengine\verycoolengine\vendor\physx\physx\bin-int\debug--x86_64\physx\extsqmanager.obj
c:\dev\verycoolengine\verycoolengine\vendor\physx\physx\bin-int\debug--x86_64\physx\extsphericaljoint.obj
c:\dev\verycoolengine\verycoolengine\vendor\physx\physx\bin-int\debug--x86_64\physx\extsoftbodyext.obj
c:\dev\verycoolengine\verycoolengine\vendor\physx\physx\bin-int\debug--x86_64\physx\extsmoothnormals.obj
c:\dev\verycoolengine\verycoolengine\vendor\physx\physx\bin-int\debug--x86_64\physx\extsimplefactory.obj
c:\dev\verycoolengine\verycoolengine\vendor\physx\physx\bin-int\debug--x86_64\physx\extscenequerysystem.obj
c:\dev\verycoolengine\verycoolengine\vendor\physx\physx\bin-int\debug--x86_64\physx\extscenequeryext.obj
c:\dev\verycoolengine\verycoolengine\vendor\physx\physx\bin-int\debug--x86_64\physx\extsampling.obj
c:\dev\verycoolengine\verycoolengine\vendor\physx\physx\bin-int\debug--x86_64\physx\extrigidbodyext.obj
c:\dev\verycoolengine\verycoolengine\vendor\physx\physx\bin-int\debug--x86_64\physx\extrigidactorext.obj
c:\dev\verycoolengine\verycoolengine\vendor\physx\physx\bin-int\debug--x86_64\physx\extrevolutejoint.obj
c:\dev\verycoolengine\verycoolengine\vendor\physx\physx\bin-int\debug--x86_64\physx\extremeshingext.obj
c:\dev\verycoolengine\verycoolengine\vendor\physx\physx\bin-int\debug--x86_64\physx\extraycastccd.obj
c:\dev\verycoolengine\verycoolengine\vendor\physx\physx\bin-int\debug--x86_64\physx\extrackandpinionjoint.obj
c:\dev\verycoolengine\verycoolengine\vendor\physx\physx\bin-int\debug--x86_64\physx\extpxstringtable.obj
c:\dev\verycoolengine\verycoolengine\vendor\physx\physx\bin-int\debug--x86_64\physx\extpvd.obj
c:\dev\verycoolengine\verycoolengine\vendor\physx\physx\bin-int\debug--x86_64\physx\extprismaticjoint.obj
c:\dev\verycoolengine\verycoolengine\vendor\physx\physx\bin-int\debug--x86_64\physx\extparticleext.obj
c:\dev\verycoolengine\verycoolengine\vendor\physx\physx\bin-int\debug--x86_64\physx\snrepxupgrader.obj
c:\dev\verycoolengine\verycoolengine\vendor\physx\physx\bin-int\debug--x86_64\physx\snserialutils.obj
c:\dev\verycoolengine\verycoolengine\vendor\physx\physx\bin-int\debug--x86_64\physx\snserializationcontext.obj
c:\dev\verycoolengine\verycoolengine\vendor\physx\physx\bin-int\debug--x86_64\physx\omnipvdpxextensionssampler.obj
c:\dev\verycoolengine\verycoolengine\vendor\physx\physx\bin-int\debug--x86_64\physx\extomnipvdregistrationdata.obj
c:\dev\verycoolengine\verycoolengine\vendor\physx\physx\bin-int\debug--x86_64\physx\exttrianglemeshext.obj
c:\dev\verycoolengine\verycoolengine\vendor\physx\physx\bin-int\debug--x86_64\physx\exttetrahedronmeshext.obj
c:\dev\verycoolengine\verycoolengine\vendor\physx\physx\bin-int\debug--x86_64\physx\vhphysxactorfunctions.obj
c:\dev\verycoolengine\verycoolengine\vendor\physx\physx\bin-int\debug--x86_64\physx\vhdrivetrainhelpers.obj
c:\dev\verycoolengine\verycoolengine\vendor\physx\physx\bin-int\debug--x86_64\physx\vhdrivetrainfunctions.obj
c:\dev\verycoolengine\verycoolengine\vendor\physx\physx\bin-int\debug--x86_64\physx\vhcommandhelpers.obj
c:\dev\verycoolengine\verycoolengine\vendor\physx\physx\bin-int\debug--x86_64\physx\extvoxeltetrahedralizer.obj
c:\dev\verycoolengine\verycoolengine\vendor\physx\physx\bin-int\debug--x86_64\physx\extutilities.obj
c:\dev\verycoolengine\verycoolengine\vendor\physx\physx\bin-int\debug--x86_64\physx\exttetunionfind.obj
c:\dev\verycoolengine\verycoolengine\vendor\physx\physx\bin-int\debug--x86_64\physx\exttetsplitting.obj
c:\dev\verycoolengine\verycoolengine\vendor\physx\physx\bin-int\debug--x86_64\physx\extremesher.obj
c:\dev\verycoolengine\verycoolengine\vendor\physx\physx\bin-int\debug--x86_64\physx\extoctreetetrahedralizer.obj
c:\dev\verycoolengine\verycoolengine\vendor\physx\physx\bin-int\debug--x86_64\physx\extmeshsimplificator.obj
c:\dev\verycoolengine\verycoolengine\vendor\physx\physx\bin-int\debug--x86_64\physx\extinsidetester.obj
c:\dev\verycoolengine\verycoolengine\vendor\physx\physx\bin-int\debug--x86_64\physx\extfastwindingnumber.obj
c:\dev\verycoolengine\verycoolengine\vendor\physx\physx\bin-int\debug--x86_64\physx\extdelaunaytetrahedralizer.obj
c:\dev\verycoolengine\verycoolengine\vendor\physx\physx\bin-int\debug--x86_64\physx\extbvh.obj
c:\dev\verycoolengine\verycoolengine\vendor\physx\physx\bin-int\debug--x86_64\physx\pxvehicledrivetank.obj
c:\dev\verycoolengine\verycoolengine\vendor\physx\physx\bin-int\debug--x86_64\physx\pxvehicledrivenw.obj
c:\dev\verycoolengine\verycoolengine\vendor\physx\physx\bin-int\debug--x86_64\physx\pxvehicledrive4w.obj
c:\dev\verycoolengine\verycoolengine\vendor\physx\physx\bin-int\debug--x86_64\physx\pxvehicledrive.obj
c:\dev\verycoolengine\verycoolengine\vendor\physx\physx\bin-int\debug--x86_64\physx\pxvehiclecomponents.obj
c:\dev\verycoolengine\verycoolengine\vendor\physx\physx\bin-int\debug--x86_64\physx\vhwheelfunctions.obj
c:\dev\verycoolengine\verycoolengine\vendor\physx\physx\bin-int\debug--x86_64\physx\vhtirehelpers.obj
c:\dev\verycoolengine\verycoolengine\vendor\physx\physx\bin-int\debug--x86_64\physx\vhtirefunctions.obj
c:\dev\verycoolengine\verycoolengine\vendor\physx\physx\bin-int\debug--x86_64\physx\vhsuspensionhelpers.obj
c:\dev\verycoolengine\verycoolengine\vendor\physx\physx\bin-int\debug--x86_64\physx\vhsuspensionfunctions.obj
c:\dev\verycoolengine\verycoolengine\vendor\physx\physx\bin-int\debug--x86_64\physx\vhsteeringfunctions.obj
c:\dev\verycoolengine\verycoolengine\vendor\physx\physx\bin-int\debug--x86_64\physx\vhrigidbodyfunctions.obj
c:\dev\verycoolengine\verycoolengine\vendor\physx\physx\bin-int\debug--x86_64\physx\vhpvdwriter.obj
c:\dev\verycoolengine\verycoolengine\vendor\physx\physx\bin-int\debug--x86_64\physx\vhpvdhelpers.obj
c:\dev\verycoolengine\verycoolengine\vendor\physx\physx\bin-int\debug--x86_64\physx\vhpvdfunctions.obj
c:\dev\verycoolengine\verycoolengine\vendor\physx\physx\bin-int\debug--x86_64\physx\vhphysxroadgeometryhelpers.obj
c:\dev\verycoolengine\verycoolengine\vendor\physx\physx\bin-int\debug--x86_64\physx\vhphysxroadgeometryfunctions.obj
c:\dev\verycoolengine\verycoolengine\vendor\physx\physx\bin-int\debug--x86_64\physx\vhphysxconstrainthelpers.obj
c:\dev\verycoolengine\verycoolengine\vendor\physx\physx\bin-int\debug--x86_64\physx\vhphysxconstraintfunctions.obj
c:\dev\verycoolengine\verycoolengine\vendor\physx\physx\bin-int\debug--x86_64\physx\vhphysxactorhelpers.obj
c:\dev\verycoolengine\verycoolengine\vendor\physx\physx\bin-int\debug--x86_64\physx\pxpvdmemclient.obj
c:\dev\verycoolengine\verycoolengine\vendor\physx\physx\bin-int\debug--x86_64\physx\pxpvdimpl.obj
c:\dev\verycoolengine\verycoolengine\vendor\physx\physx\bin-int\debug--x86_64\physx\pxpvddefaultsockettransport.obj
c:\dev\verycoolengine\verycoolengine\vendor\physx\physx\bin-int\debug--x86_64\physx\pxpvddatastream.obj
c:\dev\verycoolengine\verycoolengine\vendor\physx\physx\bin-int\debug--x86_64\physx\pxpvd.obj
c:\dev\verycoolengine\verycoolengine\vendor\physx\physx\bin-int\debug--x86_64\physx\pxprofileeventimpl.obj
c:\dev\verycoolengine\verycoolengine\vendor\physx\physx\bin-int\debug--x86_64\physx\vehicleutiltelemetry.obj
c:\dev\verycoolengine\verycoolengine\vendor\physx\physx\bin-int\debug--x86_64\physx\vehicleutilsetup.obj
c:\dev\verycoolengine\verycoolengine\vendor\physx\physx\bin-int\debug--x86_64\physx\vehicleutilcontrol.obj
c:\dev\verycoolengine\verycoolengine\vendor\physx\physx\bin-int\debug--x86_64\physx\pxvehiclewheels.obj
c:\dev\verycoolengine\verycoolengine\vendor\physx\physx\bin-int\debug--x86_64\physx\pxvehicleupdate.obj
c:\dev\verycoolengine\verycoolengine\vendor\physx\physx\bin-int\debug--x86_64\physx\pxvehicletirefriction.obj
c:\dev\verycoolengine\verycoolengine\vendor\physx\physx\bin-int\debug--x86_64\physx\pxvehiclesuspwheeltire4.obj
c:\dev\verycoolengine\verycoolengine\vendor\physx\physx\bin-int\debug--x86_64\physx\pxvehiclenodrive.obj
c:\dev\verycoolengine\verycoolengine\vendor\physx\physx\bin-int\debug--x86_64\physx\pxvehiclemetadata.obj
c:\dev\verycoolengine\verycoolengine\vendor\physx\physx\bin-int\debug--x86_64\physx\scbodycore.obj
c:\dev\verycoolengine\verycoolengine\vendor\physx\physx\bin-int\debug--x86_64\physx\scarticulationtendonsim.obj
c:\dev\verycoolengine\verycoolengine\vendor\physx\physx\bin-int\debug--x86_64\physx\scarticulationtendonjointcore.obj
c:\dev\verycoolengine\verycoolengine\vendor\physx\physx\bin-int\debug--x86_64\physx\scarticulationtendoncore.obj
c:\dev\verycoolengine\verycoolengine\vendor\physx\physx\bin-int\debug--x86_64\physx\scarticulationsim.obj
c:\dev\verycoolengine\verycoolengine\vendor\physx\physx\bin-int\debug--x86_64\physx\scarticulationsensorsim.obj
c:\dev\verycoolengine\verycoolengine\vendor\physx\physx\bin-int\debug--x86_64\physx\scarticulationjointsim.obj
c:\dev\verycoolengine\verycoolengine\vendor\physx\physx\bin-int\debug--x86_64\physx\scarticulationjointcore.obj
c:\dev\verycoolengine\verycoolengine\vendor\physx\physx\bin-int\debug--x86_64\physx\scarticulationcore.obj
c:\dev\verycoolengine\verycoolengine\vendor\physx\physx\bin-int\debug--x86_64\physx\scactorsim.obj
c:\dev\verycoolengine\verycoolengine\vendor\physx\physx\bin-int\debug--x86_64\physx\scactorcore.obj
c:\dev\verycoolengine\verycoolengine\vendor\physx\physx\bin-int\debug--x86_64\physx\sqmanager.obj
c:\dev\verycoolengine\verycoolengine\vendor\physx\physx\bin-int\debug--x86_64\physx\sqfactory.obj
c:\dev\verycoolengine\verycoolengine\vendor\physx\physx\bin-int\debug--x86_64\physx\sqcompoundpruningpool.obj
c:\dev\verycoolengine\verycoolengine\vendor\physx\physx\bin-int\debug--x86_64\physx\sqcompoundpruner.obj
c:\dev\verycoolengine\verycoolengine\vendor\physx\physx\bin-int\debug--x86_64\physx\pxpvduserrenderer.obj
c:\dev\verycoolengine\verycoolengine\vendor\physx\physx\bin-int\debug--x86_64\physx\pxpvdprofilezoneclient.obj
c:\dev\verycoolengine\verycoolengine\vendor\physx\physx\bin-int\debug--x86_64\physx\pxpvdobjectregistrar.obj
c:\dev\verycoolengine\verycoolengine\vendor\physx\physx\bin-int\debug--x86_64\physx\pxpvdobjectmodelmetadata.obj
c:\dev\verycoolengine\verycoolengine\vendor\physx\physx\bin-int\debug--x86_64\physx\sckinematics.obj
c:\dev\verycoolengine\verycoolengine\vendor\physx\physx\bin-int\debug--x86_64\physx\sciterators.obj
c:\dev\verycoolengine\verycoolengine\vendor\physx\physx\bin-int\debug--x86_64\physx\scinteraction.obj
c:\dev\verycoolengine\verycoolengine\vendor\physx\physx\bin-int\debug--x86_64\physx\schairsystemsim.obj
c:\dev\verycoolengine\verycoolengine\vendor\physx\physx\bin-int\debug--x86_64\physx\schairsystemshapesim.obj
c:\dev\verycoolengine\verycoolengine\vendor\physx\physx\bin-int\debug--x86_64\physx\schairsystemshapecore.obj
c:\dev\verycoolengine\verycoolengine\vendor\physx\physx\bin-int\debug--x86_64\physx\schairsystemcore.obj
c:\dev\verycoolengine\verycoolengine\vendor\physx\physx\bin-int\debug--x86_64\physx\scfiltering.obj
c:\dev\verycoolengine\verycoolengine\vendor\physx\physx\bin-int\debug--x86_64\physx\scfemclothsim.obj
c:\dev\verycoolengine\verycoolengine\vendor\physx\physx\bin-int\debug--x86_64\physx\scfemclothshapesim.obj
c:\dev\verycoolengine\verycoolengine\vendor\physx\physx\bin-int\debug--x86_64\physx\scfemclothcore.obj
c:\dev\verycoolengine\verycoolengine\vendor\physx\physx\bin-int\debug--x86_64\physx\scelementsim.obj
c:\dev\verycoolengine\verycoolengine\vendor\physx\physx\bin-int\debug--x86_64\physx\scelementinteractionmarker.obj
c:\dev\verycoolengine\verycoolengine\vendor\physx\physx\bin-int\debug--x86_64\physx\scconstraintsim.obj
c:\dev\verycoolengine\verycoolengine\vendor\physx\physx\bin-int\debug--x86_64\physx\scconstraintinteraction.obj
c:\dev\verycoolengine\verycoolengine\vendor\physx\physx\bin-int\debug--x86_64\physx\scconstraintcore.obj
c:\dev\verycoolengine\verycoolengine\vendor\physx\physx\bin-int\debug--x86_64\physx\scconstraintbreakage.obj
c:\dev\verycoolengine\verycoolengine\vendor\physx\physx\bin-int\debug--x86_64\physx\scbroadphase.obj
c:\dev\verycoolengine\verycoolengine\vendor\physx\physx\bin-int\debug--x86_64\physx\scbodysim.obj
c:\dev\verycoolengine\verycoolengine\vendor\physx\physx\bin-int\debug--x86_64\physx\scsoftbodyshapesim.obj
c:\dev\verycoolengine\verycoolengine\vendor\physx\physx\bin-int\debug--x86_64\physx\scsoftbodycore.obj
c:\dev\verycoolengine\verycoolengine\vendor\physx\physx\bin-int\debug--x86_64\physx\scsleep.obj
c:\dev\verycoolengine\verycoolengine\vendor\physx\physx\bin-int\debug--x86_64\physx\scsimulationcontroller.obj
c:\dev\verycoolengine\verycoolengine\vendor\physx\physx\bin-int\debug--x86_64\physx\scsimstats.obj
c:\dev\verycoolengine\verycoolengine\vendor\physx\physx\bin-int\debug--x86_64\physx\scshapesimbase.obj
c:\dev\verycoolengine\verycoolengine\vendor\physx\physx\bin-int\debug--x86_64\physx\scshapesim.obj
c:\dev\verycoolengine\verycoolengine\vendor\physx\physx\bin-int\debug--x86_64\physx\scshapeinteraction.obj
c:\dev\verycoolengine\verycoolengine\vendor\physx\physx\bin-int\debug--x86_64\physx\scshapecore.obj
c:\dev\verycoolengine\verycoolengine\vendor\physx\physx\bin-int\debug--x86_64\physx\scrigidsim.obj
c:\dev\verycoolengine\verycoolengine\vendor\physx\physx\bin-int\debug--x86_64\physx\scrigidcore.obj
c:\dev\verycoolengine\verycoolengine\vendor\physx\physx\bin-int\debug--x86_64\physx\scphysics.obj
c:\dev\verycoolengine\verycoolengine\vendor\physx\physx\bin-int\debug--x86_64\physx\scparticlesystemsim.obj
c:\dev\verycoolengine\verycoolengine\vendor\physx\physx\bin-int\debug--x86_64\physx\scparticlesystemshapesim.obj
c:\dev\verycoolengine\verycoolengine\vendor\physx\physx\bin-int\debug--x86_64\physx\scparticlesystemshapecore.obj
c:\dev\verycoolengine\verycoolengine\vendor\physx\physx\bin-int\debug--x86_64\physx\scparticlesystemcore.obj
c:\dev\verycoolengine\verycoolengine\vendor\physx\physx\bin-int\debug--x86_64\physx\scnphasecore.obj
c:\dev\verycoolengine\verycoolengine\vendor\physx\physx\bin-int\debug--x86_64\physx\scmetadata.obj
c:\dev\verycoolengine\verycoolengine\vendor\physx\physx\bin-int\debug--x86_64\physx\psfastxml.obj
c:\dev\verycoolengine\verycoolengine\vendor\physx\physx\bin-int\debug--x86_64\physx\fdwindowssocket.obj
c:\dev\verycoolengine\verycoolengine\vendor\physx\physx\bin-int\debug--x86_64\physx\fdmathutils.obj
c:\dev\verycoolengine\verycoolengine\vendor\physx\physx\bin-int\debug--x86_64\physx\fdfoundation.obj
c:\dev\verycoolengine\verycoolengine\vendor\physx\physx\bin-int\debug--x86_64\physx\gugjkquery.obj
c:\dev\verycoolengine\verycoolengine\vendor\physx\physx\bin-int\debug--x86_64\physx\gugeometryquery.obj
c:\dev\verycoolengine\verycoolengine\vendor\physx\physx\bin-int\debug--x86_64\physx\gucookingsdf.obj
c:\dev\verycoolengine\verycoolengine\vendor\physx\physx\bin-int\debug--x86_64\physx\gucctsweeptests.obj
c:\dev\verycoolengine\verycoolengine\vendor\physx\physx\bin-int\debug--x86_64\physx\guccdsweepprimitives.obj
c:\dev\verycoolengine\verycoolengine\vendor\physx\physx\bin-int\debug--x86_64\physx\guccdsweepconvexmesh.obj
c:\dev\verycoolengine\verycoolengine\vendor\physx\physx\bin-int\debug--x86_64\physx\gusweeptests.obj
c:\dev\verycoolengine\verycoolengine\vendor\physx\physx\bin-int\debug--x86_64\physx\gusweepsharedtests.obj
c:\dev\verycoolengine\verycoolengine\vendor\physx\physx\bin-int\debug--x86_64\physx\gusweepmtd.obj
c:\dev\verycoolengine\verycoolengine\vendor\physx\physx\bin-int\debug--x86_64\physx\gusdf.obj
c:\dev\verycoolengine\verycoolengine\vendor\physx\physx\bin-int\debug--x86_64\physx\guraycasttests.obj
c:\dev\verycoolengine\verycoolengine\vendor\physx\physx\bin-int\debug--x86_64\physx\guoverlaptests.obj
c:\dev\verycoolengine\verycoolengine\vendor\physx\physx\bin-int\debug--x86_64\physx\gumtd.obj
c:\dev\verycoolengine\verycoolengine\vendor\physx\physx\bin-int\debug--x86_64\physx\guinternal.obj
c:\dev\verycoolengine\verycoolengine\vendor\physx\physx\bin-int\debug--x86_64\physx\gucontactcapsulemesh.obj
c:\dev\verycoolengine\verycoolengine\vendor\physx\physx\bin-int\debug--x86_64\physx\gucontactcapsuleconvex.obj
c:\dev\verycoolengine\verycoolengine\vendor\physx\physx\bin-int\debug--x86_64\physx\gucontactcapsulebox.obj
c:\dev\verycoolengine\verycoolengine\vendor\physx\physx\bin-int\debug--x86_64\physx\gucookingbigconvexdatabuilder.obj
c:\dev\verycoolengine\verycoolengine\vendor\physx\physx\bin-int\debug--x86_64\physx\guconvexsupporttable.obj
c:\dev\verycoolengine\verycoolengine\vendor\physx\physx\bin-int\debug--x86_64\physx\gucontactspherecapsule.obj
c:\dev\verycoolengine\verycoolengine\vendor\physx\physx\bin-int\debug--x86_64\physx\guoverlaptestshf.obj
c:\dev\verycoolengine\verycoolengine\vendor\physx\physx\bin-int\debug--x86_64\physx\gudistancesegmentbox.obj
c:\dev\verycoolengine\verycoolengine\vendor\physx\physx\bin-int\debug--x86_64\physx\gudistancepointtriangle.obj
c:\dev\verycoolengine\verycoolengine\vendor\physx\physx\bin-int\debug--x86_64\physx\gucookingtetrahedronmesh.obj
c:\dev\verycoolengine\verycoolengine\vendor\physx\physx\bin-int\debug--x86_64\physx\gubv4_meshmeshoverlap.obj
c:\dev\verycoolengine\verycoolengine\vendor\physx\physx\bin-int\debug--x86_64\physx\gubv4_capsulesweepaa.obj
c:\dev\verycoolengine\verycoolengine\vendor\physx\physx\bin-int\debug--x86_64\physx\gubv4_capsulesweep.obj
c:\dev\verycoolengine\verycoolengine\vendor\physx\physx\bin-int\debug--x86_64\physx\gubv4_boxoverlap.obj
c:\dev\verycoolengine\verycoolengine\vendor\physx\physx\bin-int\debug--x86_64\physx\gubv4_aabbsweep.obj
c:\dev\verycoolengine\verycoolengine\vendor\physx\physx\bin-int\debug--x86_64\physx\guintersectionraycapsule.obj
c:\dev\verycoolengine\verycoolengine\vendor\physx\physx\bin-int\debug--x86_64\physx\guintersectioncapsuletriangle.obj
c:\dev\verycoolengine\verycoolengine\vendor\physx\physx\bin-int\debug--x86_64\physx\gusweepshf.obj
c:\dev\verycoolengine\verycoolengine\vendor\physx\physx\bin-int\debug--x86_64\physx\gupcmcontactcapsulecapsule.obj
c:\dev\verycoolengine\verycoolengine\vendor\physx\physx\bin-int\debug--x86_64\physx\gupcmcontactcapsulebox.obj
c:\dev\verycoolengine\verycoolengine\vendor\physx\physx\bin-int\debug--x86_64\physx\gupcmcontactboxconvex.obj
c:\dev\verycoolengine\verycoolengine\vendor\physx\physx\bin-int\debug--x86_64\physx\gupcmcontactboxbox.obj
c:\dev\verycoolengine\verycoolengine\vendor\physx\physx\bin-int\debug--x86_64\physx\gusweepsmesh.obj
c:\dev\verycoolengine\verycoolengine\vendor\physx\physx\bin-int\debug--x86_64\physx\guoverlaptestsmesh.obj
c:\dev\verycoolengine\verycoolengine\vendor\physx\physx\bin-int\debug--x86_64\physx\gumidphasertree.obj
c:\dev\verycoolengine\verycoolengine\vendor\physx\physx\bin-int\debug--x86_64\physx\gumidphasebv4.obj
c:\dev\verycoolengine\verycoolengine\vendor\physx\physx\bin-int\debug--x86_64\physx\gubv4_spheresweep.obj
c:\dev\verycoolengine\verycoolengine\vendor\physx\physx\bin-int\debug--x86_64\physx\gubv4_raycast.obj
c:\dev\verycoolengine\verycoolengine\vendor\physx\physx\bin-int\debug--x86_64\physx\gubv4_obbsweep.obj
c:\dev\verycoolengine\verycoolengine\vendor\physx\physx\bin-int\debug--x86_64\physx\gupcmcontactsphereplane.obj
c:\dev\verycoolengine\verycoolengine\vendor\physx\physx\bin-int\debug--x86_64\physx\gupcmcontactspheremesh.obj
c:\dev\verycoolengine\verycoolengine\vendor\physx\physx\bin-int\debug--x86_64\physx\gupcmcontactsphereheightfield.obj
c:\dev\verycoolengine\verycoolengine\vendor\physx\physx\bin-int\debug--x86_64\physx\gupcmcontactsphereconvex.obj
c:\dev\verycoolengine\verycoolengine\vendor\physx\physx\bin-int\debug--x86_64\physx\gupcmcontactspherecapsule.obj
c:\dev\verycoolengine\verycoolengine\vendor\physx\physx\bin-int\debug--x86_64\physx\gupcmcontactspherebox.obj
c:\dev\verycoolengine\verycoolengine\vendor\physx\physx\bin-int\debug--x86_64\physx\gupcmcontactplaneconvex.obj
c:\dev\verycoolengine\verycoolengine\vendor\physx\physx\bin-int\debug--x86_64\physx\gupcmcontactplanecapsule.obj
c:\dev\verycoolengine\verycoolengine\vendor\physx\physx\bin-int\debug--x86_64\physx\gupcmcontactplanebox.obj
c:\dev\verycoolengine\verycoolengine\vendor\physx\physx\bin-int\debug--x86_64\physx\gupcmcontactgenutil.obj
c:\dev\verycoolengine\verycoolengine\vendor\physx\physx\bin-int\debug--x86_64\physx\gupcmcontactgenspherecapsule.obj
c:\dev\verycoolengine\verycoolengine\vendor\physx\physx\bin-int\debug--x86_64\physx\gupcmcontactgenboxconvex.obj
c:\dev\verycoolengine\verycoolengine\vendor\physx\physx\bin-int\debug--x86_64\physx\gupcmcontactcustomgeometry.obj
c:\dev\verycoolengine\verycoolengine\vendor\physx\physx\bin-int\debug--x86_64\physx\gupcmcontactconvexmesh.obj
c:\dev\verycoolengine\verycoolengine\vendor\physx\physx\bin-int\debug--x86_64\physx\gupcmcontactconvexheightfield.obj
c:\dev\verycoolengine\verycoolengine\vendor\physx\physx\bin-int\debug--x86_64\physx\gupcmcontactconvexconvex.obj
c:\dev\verycoolengine\verycoolengine\vendor\physx\physx\bin-int\debug--x86_64\physx\gupcmcontactconvexcommon.obj
c:\dev\verycoolengine\verycoolengine\vendor\physx\physx\bin-int\debug--x86_64\physx\gupcmcontactcapsulemesh.obj
c:\dev\verycoolengine\verycoolengine\vendor\physx\physx\bin-int\debug--x86_64\physx\gupcmcontactcapsuleheightfield.obj
c:\dev\verycoolengine\verycoolengine\vendor\physx\physx\bin-int\debug--x86_64\physx\gupcmcontactcapsuleconvex.obj
c:\dev\verycoolengine\verycoolengine\vendor\physx\physx\bin-int\debug--x86_64\physx\pxccontactmethodimpl.obj
c:\dev\verycoolengine\verycoolengine\vendor\physx\physx\bin-int\debug--x86_64\physx\pxccontactcache.obj
c:\dev\verycoolengine\verycoolengine\vendor\physx\physx\bin-int\debug--x86_64\physx\px_globals.obj
c:\dev\verycoolengine\verycoolengine\vendor\physx\physx\bin-int\debug--x86_64\physx\npimmediatemode.obj
c:\dev\verycoolengine\verycoolengine\vendor\physx\physx\bin-int\debug--x86_64\physx\gusweeptriangleutils.obj
c:\dev\verycoolengine\verycoolengine\vendor\physx\physx\bin-int\debug--x86_64\physx\gusweepspheretriangle.obj
c:\dev\verycoolengine\verycoolengine\vendor\physx\physx\bin-int\debug--x86_64\physx\gusweepspherecapsule.obj
c:\dev\verycoolengine\verycoolengine\vendor\physx\physx\bin-int\debug--x86_64\physx\gusweepcapsuletriangle.obj
c:\dev\verycoolengine\verycoolengine\vendor\physx\physx\bin-int\debug--x86_64\physx\gusweepcapsulecapsule.obj
c:\dev\verycoolengine\verycoolengine\vendor\physx\physx\bin-int\debug--x86_64\physx\gusweepboxtriangle_featurebased.obj
c:\dev\verycoolengine\verycoolengine\vendor\physx\physx\bin-int\debug--x86_64\physx\gusweepboxsphere.obj
c:\dev\verycoolengine\verycoolengine\vendor\physx\physx\bin-int\debug--x86_64\physx\gusweepboxbox.obj
c:\dev\verycoolengine\verycoolengine\vendor\physx\physx\bin-int\debug--x86_64\physx\gupersistentcontactmanifold.obj
c:\dev\verycoolengine\verycoolengine\vendor\physx\physx\bin-int\debug--x86_64\physx\gupcmtrianglecontactgen.obj
c:\dev\verycoolengine\verycoolengine\vendor\physx\physx\bin-int\debug--x86_64\physx\gupcmshapeconvex.obj
c:\dev\verycoolengine\verycoolengine\vendor\physx\physx\bin-int\debug--x86_64\physx\gupcmcontactspheresphere.obj
c:\dev\verycoolengine\verycoolengine\vendor\physx\physx\bin-int\debug--x86_64\physx\pxscontext.obj
c:\dev\verycoolengine\verycoolengine\vendor\physx\physx\bin-int\debug--x86_64\physx\pxsccd.obj
c:\dev\verycoolengine\verycoolengine\vendor\physx\physx\bin-int\debug--x86_64\physx\pxcnpbatch.obj
c:\dev\verycoolengine\verycoolengine\vendor\physx\physx\bin-int\debug--x86_64\physx\physxindicatorwindows.obj
c:\dev\verycoolengine\verycoolengine\vendor\physx\physx\bin-int\debug--x86_64\physx\physxindicatorlinux.obj
c:\dev\verycoolengine\verycoolengine\vendor\physx\physx\bin-int\debug--x86_64\physx\extdefaultstreams.obj
c:\dev\verycoolengine\verycoolengine\vendor\physx\physx\bin-int\debug--x86_64\physx\extextensions.obj
c:\dev\verycoolengine\verycoolengine\vendor\physx\physx\bin-int\debug--x86_64\physx\snconvx_output.obj
c:\dev\verycoolengine\verycoolengine\vendor\physx\physx\bin-int\debug--x86_64\physx\snconvx_metadata.obj
c:\dev\verycoolengine\verycoolengine\vendor\physx\physx\bin-int\debug--x86_64\physx\snconvx_error.obj
c:\dev\verycoolengine\verycoolengine\vendor\physx\physx\bin-int\debug--x86_64\physx\snconvx_convert.obj
c:\dev\verycoolengine\verycoolengine\vendor\physx\physx\bin-int\debug--x86_64\physx\snconvx_align.obj
c:\dev\verycoolengine\verycoolengine\vendor\physx\physx\bin-int\debug--x86_64\physx\snconvx.obj
c:\dev\verycoolengine\verycoolengine\vendor\physx\physx\bin-int\debug--x86_64\physx\snbinaryserialization.obj
c:\dev\verycoolengine\verycoolengine\vendor\physx\physx\bin-int\debug--x86_64\physx\snbinarydeserialization.obj
c:\dev\verycoolengine\verycoolengine\vendor\physx\physx\bin-int\debug--x86_64\physx\extsqquery.obj
c:\dev\verycoolengine\verycoolengine\vendor\physx\physx\bin-int\debug--x86_64\physx\extdelaunayboundaryinserter.obj
c:\dev\verycoolengine\verycoolengine\vendor\physx\physx\bin-int\debug--x86_64\physx\snxmlserialization.obj
c:\dev\verycoolengine\verycoolengine\vendor\physx\physx\bin-int\debug--x86_64\physx\snrepxcoreserializer.obj
c:\dev\verycoolengine\verycoolengine\vendor\physx\physx\bin-int\debug--x86_64\physx\snjointrepxserializer.obj
c:\dev\verycoolengine\verycoolengine\vendor\physx\physx\bin-int\debug--x86_64\physx\snserializationregistry.obj
c:\dev\verycoolengine\verycoolengine\vendor\physx\physx\bin-int\debug--x86_64\physx\snserialization.obj
c:\dev\verycoolengine\verycoolengine\vendor\physx\physx\bin-int\debug--x86_64\physx\snconvx_union.obj
c:\dev\verycoolengine\verycoolengine\vendor\physx\physx\bin-int\debug--x86_64\physx\pxvehicleserialization.obj
c:\dev\verycoolengine\verycoolengine\vendor\physx\physx\bin-int\debug--x86_64\physx\pxvehiclesdk.obj
c:\dev\verycoolengine\verycoolengine\vendor\physx\physx\bin-int\debug--x86_64\physx\pxextensionautogeneratedmetadataobjects.obj
c:\dev\verycoolengine\verycoolengine\vendor\physx\physx\bin-int\debug--x86_64\physx\pxmetadataobjects.obj
c:\dev\verycoolengine\verycoolengine\vendor\physx\physx\bin-int\debug--x86_64\physx\pxautogeneratedmetadataobjects.obj
c:\dev\verycoolengine\verycoolengine\vendor\physx\physx\bin-int\debug--x86_64\physx\pxvehiclemetadataobjects.obj
c:\dev\verycoolengine\verycoolengine\vendor\physx\physx\bin-int\debug--x86_64\physx\pxvehicleautogeneratedmetadataobjects.obj
c:\dev\verycoolengine\verycoolengine\vendor\physx\physx\bin-int\debug--x86_64\physx\sqquery.obj
c:\dev\verycoolengine\verycoolengine\vendor\physx\physx\bin-int\debug--x86_64\physx\pxpvddefaultfiletransport.obj
c:\dev\verycoolengine\verycoolengine\vendor\physx\physx\bin-int\debug--x86_64\physx\scccd.obj
c:\dev\verycoolengine\verycoolengine\vendor\physx\physx\bin-int\debug--x86_64\physx\scscene.obj
c:\dev\verycoolengine\verycoolengine\vendor\physx\physx\bin-int\debug--x86_64\physx\scpipeline.obj
c:\dev\verycoolengine\verycoolengine\vendor\physx\physx\bin-int\debug--x86_64\physx\taskmanager.obj
c:\dev\verycoolengine\verycoolengine\vendor\physx\physx\bin-int\debug--x86_64\physx\scvisualize.obj
c:\dev\verycoolengine\verycoolengine\vendor\physx\physx\bin-int\debug--x86_64\physx\sctriggerinteraction.obj
c:\dev\verycoolengine\verycoolengine\vendor\physx\physx\bin-int\debug--x86_64\physx\scstaticcore.obj
c:\dev\verycoolengine\verycoolengine\vendor\physx\physx\bin-int\debug--x86_64\physx\scsqboundsmanager.obj
c:\dev\verycoolengine\verycoolengine\vendor\physx\physx\bin-int\debug--x86_64\physx\scsoftbodysim.obj
c:\dev\verycoolengine\verycoolengine\vendor\physx\physx\bin-int\debug--x86_64\physx\pxphysxgpumoduleloader.obj
c:\dev\verycoolengine\verycoolengine\vendor\physx\physx\bin\debug--x86_64\physx\physx.lib
c:\dev\verycoolengine\verycoolengine\vendor\physx\physx\bin-int\debug--x86_64\physx\physx.tlog\cl.command.1.tlog
c:\dev\verycoolengine\verycoolengine\vendor\physx\physx\bin-int\debug--x86_64\physx\physx.tlog\cl.items.tlog
c:\dev\verycoolengine\verycoolengine\vendor\physx\physx\bin-int\debug--x86_64\physx\physx.tlog\cl.read.1.tlog
c:\dev\verycoolengine\verycoolengine\vendor\physx\physx\bin-int\debug--x86_64\physx\physx.tlog\cl.write.1.tlog
c:\dev\verycoolengine\verycoolengine\vendor\physx\physx\bin-int\debug--x86_64\physx\physx.tlog\lib-link.read.1.tlog
c:\dev\verycoolengine\verycoolengine\vendor\physx\physx\bin-int\debug--x86_64\physx\physx.tlog\lib-link.write.1.tlog
c:\dev\verycoolengine\verycoolengine\vendor\physx\physx\bin-int\debug--x86_64\physx\physx.tlog\lib.command.1.tlog
